<?xml version="1.0" encoding="UTF-8"?>
<testsuite xmlns:xsi="http://www.w3.org/2001/XMLSchema-instance" xsi:noNamespaceSchemaLocation="https://maven.apache.org/surefire/maven-surefire-plugin/xsd/surefire-test-report.xsd" name="warcaby.AppTest" time="0.048" tests="1" errors="0" skipped="0" failures="0">
  <properties>
    <property name="java.specification.version" value="17"/>
    <property name="sun.cpu.isalist" value="amd64"/>
    <property name="sun.jnu.encoding" value="Cp1252"/>
    <property name="java.class.path" value="C:\Users\Dominic\Desktop\sem 3\programowanie\tp_projekt\Warcaby\warcaby_tp\target\test-classes;C:\Users\Dominic\Desktop\sem 3\programowanie\tp_projekt\Warcaby\warcaby_tp\target\classes;C:\Users\Dominic\.m2\repository\junit\junit\4.11\junit-4.11.jar;C:\Users\Dominic\.m2\repository\org\hamcrest\hamcrest-core\1.3\hamcrest-core-1.3.jar;C:\Users\Dominic\.m2\repository\org\openjfx\javafx-controls\12\javafx-controls-12.jar;C:\Users\Dominic\.m2\repository\org\openjfx\javafx-controls\12\javafx-controls-12-win.jar;C:\Users\Dominic\.m2\repository\org\openjfx\javafx-graphics\12\javafx-graphics-12.jar;C:\Users\Dominic\.m2\repository\org\openjfx\javafx-graphics\12\javafx-graphics-12-win.jar;C:\Users\Dominic\.m2\repository\org\openjfx\javafx-base\12\javafx-base-12.jar;C:\Users\Dominic\.m2\repository\org\openjfx\javafx-base\12\javafx-base-12-win.jar;"/>
    <property name="java.vm.vendor" value="Oracle Corporation"/>
    <property name="sun.arch.data.model" value="64"/>
    <property name="user.variant" value=""/>
    <property name="java.vendor.url" value="https://java.oracle.com/"/>
    <property name="user.timezone" value="Europe/Warsaw"/>
    <property name="os.name" value="Windows 10"/>
    <property name="java.vm.specification.version" value="17"/>
    <property name="sun.java.launcher" value="SUN_STANDARD"/>
    <property name="user.country" value="PL"/>
    <property name="sun.boot.library.path" value="C:\Java\jdk-17.0.3.1\bin"/>
    <property name="sun.java.command" value="C:\Users\Dominic\AppData\Local\Temp\surefire4532193542287435733\surefirebooter12720621272729950187.jar C:\Users\Dominic\AppData\Local\Temp\surefire4532193542287435733 2022-12-22T11-59-46_098-jvmRun1 surefire15120260181331077909tmp surefire_017721228934739530747tmp"/>
    <property name="jdk.debug" value="release"/>
    <property name="surefire.test.class.path" value="C:\Users\Dominic\Desktop\sem 3\programowanie\tp_projekt\Warcaby\warcaby_tp\target\test-classes;C:\Users\Dominic\Desktop\sem 3\programowanie\tp_projekt\Warcaby\warcaby_tp\target\classes;C:\Users\Dominic\.m2\repository\junit\junit\4.11\junit-4.11.jar;C:\Users\Dominic\.m2\repository\org\hamcrest\hamcrest-core\1.3\hamcrest-core-1.3.jar;C:\Users\Dominic\.m2\repository\org\openjfx\javafx-controls\12\javafx-controls-12.jar;C:\Users\Dominic\.m2\repository\org\openjfx\javafx-controls\12\javafx-controls-12-win.jar;C:\Users\Dominic\.m2\repository\org\openjfx\javafx-graphics\12\javafx-graphics-12.jar;C:\Users\Dominic\.m2\repository\org\openjfx\javafx-graphics\12\javafx-graphics-12-win.jar;C:\Users\Dominic\.m2\repository\org\openjfx\javafx-base\12\javafx-base-12.jar;C:\Users\Dominic\.m2\repository\org\openjfx\javafx-base\12\javafx-base-12-win.jar;"/>
    <property name="sun.cpu.endian" value="little"/>
    <property name="user.home" value="C:\Users\Dominic"/>
    <property name="user.language" value="pl"/>
    <property name="java.specification.vendor" value="Oracle Corporation"/>
    <property name="java.version.date" value="2022-04-22"/>
    <property name="java.home" value="C:\Java\jdk-17.0.3.1"/>
    <property name="file.separator" value="\"/>
    <property name="basedir" value="C:\Users\Dominic\Desktop\sem 3\programowanie\tp_projekt\Warcaby\warcaby_tp"/>
    <property name="java.vm.compressedOopsMode" value="Zero based"/>
    <property name="line.separator" value="&#10;"/>
    <property name="java.vm.specification.vendor" value="Oracle Corporation"/>
    <property name="java.specification.name" value="Java Platform API Specification"/>
    <property name="surefire.real.class.path" value="C:\Users\Dominic\AppData\Local\Temp\surefire4532193542287435733\surefirebooter12720621272729950187.jar"/>
    <property name="user.script" value=""/>
    <property name="sun.management.compiler" value="HotSpot 64-Bit Tiered Compilers"/>
    <property name="java.runtime.version" value="17.0.3.1+2-LTS-6"/>
    <property name="user.name" value="Dominic"/>
    <property name="path.separator" value=";"/>
    <property name="os.version" value="10.0"/>
    <property name="java.runtime.name" value="Java(TM) SE Runtime Environment"/>
    <property name="file.encoding" value="Cp1252"/>
    <property name="java.vm.name" value="Java HotSpot(TM) 64-Bit Server VM"/>
    <property name="localRepository" value="C:\Users\Dominic\.m2\repository"/>
    <property name="java.vendor.url.bug" value="https://bugreport.java.com/bugreport/"/>
    <property name="java.io.tmpdir" value="C:\Users\Dominic\AppData\Local\Temp\"/>
    <property name="java.version" value="17.0.3.1"/>
    <property name="user.dir" value="C:\Users\Dominic\Desktop\sem 3\programowanie\tp_projekt\Warcaby\warcaby_tp"/>
    <property name="os.arch" value="amd64"/>
    <property name="java.vm.specification.name" value="Java Virtual Machine Specification"/>
    <property name="sun.os.patch.level" value=""/>
    <property name="native.encoding" value="Cp1252"/>
    <property name="java.library.path" value="C:\Java\jdk-17.0.3.1\bin;C:\Windows\Sun\Java\bin;C:\Windows\system32;C:\Windows;C:\Program Files\apache-maven-3.8.6\bin;C:\windows\system32;C:\Program Files\Java\jdk-17.0.2\bin;C:\Program Files\Git\bin;C:\Program Files\MariaDB 10.11\bin;C:\Program Files\TortoiseSVN\bin;C:\Program Files\Docker\Docker\resources\bin;C:\Program Files\MATLAB\R2022b\bin;C:\Java\javafx-sdk-18.0.1\bin;C:\Users\Dominic\AppData\Local\Microsoft\WindowsApps;C:\Users\Dominic\AppData\Local\Programs\Microsoft VS Code\bin;C:\MinGW\bin;C:\Users\Dominic\AppData\Roaming\npm;C:\Users\Dominic\Documents\flutter_windows_2.8.1-stable\flutter\bin;C:\Java\jdk-17.0.1\bin\;C:\Users\Dominic\AppData\Local\JetBrains\Toolbox\scripts;;."/>
    <property name="java.vm.info" value="mixed mode, sharing"/>
    <property name="java.vendor" value="Oracle Corporation"/>
    <property name="java.vm.version" value="17.0.3.1+2-LTS-6"/>
    <property name="sun.io.unicode.encoding" value="UnicodeLittle"/>
    <property name="java.class.version" value="61.0"/>
  </properties>
  <testcase name="shouldAnswerWithTrue" classname="warcaby.AppTest" time="0.008"/>
</testsuite>